0 info it worked if it ends with ok
1 verbose cli [ '/usr/bin/nodejs', '/usr/bin/npm', 'run', 'coveralls' ]
2 info using npm@1.2.18
3 info using node@v0.10.15
4 verbose read json /home/pluma/projects/blutils/package.json
5 verbose run-script [ 'precoveralls', 'coveralls', 'postcoveralls' ]
6 info precoveralls blutils@0.1.1
7 info coveralls blutils@0.1.1
8 verbose unsafe-perm in lifecycle true
9 silly exec sh "-c" "make coveralls"
10 silly sh,-c,make coveralls,/home/pluma/projects/blutils spawning
11 info blutils@0.1.1 Failed to exec coveralls script
12 error blutils@0.1.1 coveralls: `make coveralls`
12 error `sh "-c" "make coveralls"` failed with 2
13 error Failed at the blutils@0.1.1 coveralls script.
13 error This is most likely a problem with the blutils package,
13 error not with npm itself.
13 error Tell the author that this fails on your system:
13 error     make coveralls
13 error You can get their info via:
13 error     npm owner ls blutils
13 error There is likely additional logging output above.
14 error System Linux 3.11.7-031107-generic
15 error command "/usr/bin/nodejs" "/usr/bin/npm" "run" "coveralls"
16 error cwd /home/pluma/projects/blutils
17 error node -v v0.10.15
18 error npm -v 1.2.18
19 error code ELIFECYCLE
20 verbose exit [ 1, true ]
